<?xml version="1.0" encoding="UTF-8"?>
<!-- Generated by org.testng.reporters.JUnitReportReporter -->
<testsuite hostname="WUSSC250374-ZV8" failures="0" tests="1" name="snippet.ChildClass" time="0.006" errors="0" timestamp="2024-11-24T14:43:08 PST" skipped="0">
  <testcase classname="snippet.ChildClass" name="testRun" time="0.006"/>
</testsuite> <!-- snippet.ChildClass -->
